
2025/04/26 17:55:23 [32m/home/delorency/go/pkg/mod/github.com/go-gormigrate/gormigrate/v2@v2.1.4/gormigrate.go:401
[0m[33m[2.396ms] [34;1m[rows:1][0m SELECT count(*) FROM information_schema.tables WHERE table_schema = CURRENT_SCHEMA() AND table_name = 'migrations' AND table_type = 'BASE TABLE'

2025/04/26 17:55:23 [32m/home/delorency/go/pkg/mod/github.com/go-gormigrate/gormigrate/v2@v2.1.4/gormigrate.go:412
[0m[33m[0.342ms] [34;1m[rows:1][0m SELECT count(*) FROM "migrations" WHERE id = '20240425_create_person_table'

2025/04/26 17:56:34 [32m/home/delorency/go/pkg/mod/github.com/go-gormigrate/gormigrate/v2@v2.1.4/gormigrate.go:401
[0m[33m[2.528ms] [34;1m[rows:1][0m SELECT count(*) FROM information_schema.tables WHERE table_schema = CURRENT_SCHEMA() AND table_name = 'migrations' AND table_type = 'BASE TABLE'

2025/04/26 17:56:34 [32m/home/delorency/go/pkg/mod/github.com/go-gormigrate/gormigrate/v2@v2.1.4/gormigrate.go:412
[0m[33m[0.397ms] [34;1m[rows:1][0m SELECT count(*) FROM "migrations" WHERE id = '20240425_create_person_table'

2025/04/26 17:58:47 [32m/home/delorency/go/pkg/mod/github.com/go-gormigrate/gormigrate/v2@v2.1.4/gormigrate.go:401
[0m[33m[2.349ms] [34;1m[rows:1][0m SELECT count(*) FROM information_schema.tables WHERE table_schema = CURRENT_SCHEMA() AND table_name = 'migrations' AND table_type = 'BASE TABLE'

2025/04/26 17:58:47 [32m/home/delorency/go/pkg/mod/github.com/go-gormigrate/gormigrate/v2@v2.1.4/gormigrate.go:412
[0m[33m[0.413ms] [34;1m[rows:1][0m SELECT count(*) FROM "migrations" WHERE id = '20240425_create_person_table'

2025/04/26 17:58:51 [32m/home/delorency/work/gofiolib/internal/db/personDb/get.go:13
[0m[33m[5.268ms] [34;1m[rows:13][0m SELECT * FROM "persons" WHERE "persons"."deleted_at" IS NULL ORDER BY created_at desc 

2025/04/26 17:59:20 [32m/home/delorency/work/gofiolib/internal/db/personDb/get.go:13
[0m[33m[0.418ms] [34;1m[rows:2][0m SELECT * FROM "persons" WHERE "persons"."deleted_at" IS NULL ORDER BY created_at desc LIMIT 2 OFFSET 4

2025/04/26 17:59:36 [32m/home/delorency/work/gofiolib/internal/db/personDb/get.go:13
[0m[33m[0.386ms] [34;1m[rows:13][0m SELECT * FROM "persons" WHERE "persons"."deleted_at" IS NULL ORDER BY created_at desc 

2025/04/26 17:59:52 [32m/home/delorency/work/gofiolib/internal/db/personDb/get.go:24
[0m[33m[2.692ms] [34;1m[rows:1][0m SELECT * FROM "persons" WHERE "persons"."deleted_at" IS NULL AND "persons"."id" = 13 ORDER BY "persons"."id" LIMIT 1

2025/04/26 17:59:55 [31;1m/home/delorency/work/gofiolib/internal/db/personDb/get.go:24 [35;1mrecord not found
[0m[33m[0.302ms] [34;1m[rows:0][0m SELECT * FROM "persons" WHERE "persons"."deleted_at" IS NULL AND "persons"."id" = 133 ORDER BY "persons"."id" LIMIT 1

2025/04/26 18:01:16 [32m/home/delorency/go/pkg/mod/github.com/go-gormigrate/gormigrate/v2@v2.1.4/gormigrate.go:401
[0m[33m[2.369ms] [34;1m[rows:1][0m SELECT count(*) FROM information_schema.tables WHERE table_schema = CURRENT_SCHEMA() AND table_name = 'migrations' AND table_type = 'BASE TABLE'

2025/04/26 18:01:16 [32m/home/delorency/go/pkg/mod/github.com/go-gormigrate/gormigrate/v2@v2.1.4/gormigrate.go:412
[0m[33m[0.401ms] [34;1m[rows:1][0m SELECT count(*) FROM "migrations" WHERE id = '20240425_create_person_table'

2025/04/26 18:01:26 [31;1m/home/delorency/work/gofiolib/internal/db/personDb/get.go:24 [35;1mrecord not found
[0m[33m[1.174ms] [34;1m[rows:0][0m SELECT * FROM "persons" WHERE "persons"."deleted_at" IS NULL AND "persons"."id" = 133 ORDER BY "persons"."id" LIMIT 1

2025/04/26 18:01:30 [32m/home/delorency/work/gofiolib/internal/db/personDb/get.go:24
[0m[33m[0.362ms] [34;1m[rows:1][0m SELECT * FROM "persons" WHERE "persons"."deleted_at" IS NULL AND "persons"."id" = 13 ORDER BY "persons"."id" LIMIT 1

2025/04/26 18:02:38 [32m/home/delorency/go/pkg/mod/github.com/go-gormigrate/gormigrate/v2@v2.1.4/gormigrate.go:401
[0m[33m[2.521ms] [34;1m[rows:1][0m SELECT count(*) FROM information_schema.tables WHERE table_schema = CURRENT_SCHEMA() AND table_name = 'migrations' AND table_type = 'BASE TABLE'

2025/04/26 18:02:38 [32m/home/delorency/go/pkg/mod/github.com/go-gormigrate/gormigrate/v2@v2.1.4/gormigrate.go:412
[0m[33m[0.407ms] [34;1m[rows:1][0m SELECT count(*) FROM "migrations" WHERE id = '20240425_create_person_table'

2025/04/26 18:03:03 [32m/home/delorency/go/pkg/mod/github.com/go-gormigrate/gormigrate/v2@v2.1.4/gormigrate.go:401
[0m[33m[2.373ms] [34;1m[rows:1][0m SELECT count(*) FROM information_schema.tables WHERE table_schema = CURRENT_SCHEMA() AND table_name = 'migrations' AND table_type = 'BASE TABLE'

2025/04/26 18:03:03 [32m/home/delorency/go/pkg/mod/github.com/go-gormigrate/gormigrate/v2@v2.1.4/gormigrate.go:412
[0m[33m[0.357ms] [34;1m[rows:1][0m SELECT count(*) FROM "migrations" WHERE id = '20240425_create_person_table'

2025/04/26 18:03:34 [32m/home/delorency/work/gofiolib/internal/db/personDb/update.go:12
[0m[33m[4.106ms] [34;1m[rows:1][0m UPDATE "persons" SET "updated_at"='2025-04-26 18:03:34.882',"name"='dmitriy2',"surname"='Popsov2',"patronymic"='Urivich2',"age"=23,"gender"='female',"nat"='KZ' WHERE "persons"."deleted_at" IS NULL AND "id" = 13

2025/04/26 18:03:34 [32m/home/delorency/work/gofiolib/internal/db/personDb/update.go:16
[0m[33m[0.744ms] [34;1m[rows:1][0m SELECT * FROM "persons" WHERE "persons"."deleted_at" IS NULL AND "persons"."id" = 13 ORDER BY "persons"."id" LIMIT 1

2025/04/26 18:03:43 [31;1m/home/delorency/work/gofiolib/internal/db/personDb/delete.go:8 [35;1minvalid value, should be pointer to struct or slice
[0m[33m[0.209ms] [34;1m[rows:0][0m UPDATE "persons" SET "deleted_at"='2025-04-26 18:03:43.315' WHERE "persons"."id" = 13 AND "persons"."deleted_at" IS NULL

2025/04/26 18:04:34 [32m/home/delorency/work/gofiolib/internal/db/personDb/get.go:24
[0m[33m[0.311ms] [34;1m[rows:1][0m SELECT * FROM "persons" WHERE "persons"."deleted_at" IS NULL AND "persons"."id" = 13 ORDER BY "persons"."id" LIMIT 1

2025/04/26 18:04:37 [31;1m/home/delorency/work/gofiolib/internal/db/personDb/delete.go:8 [35;1minvalid value, should be pointer to struct or slice
[0m[33m[0.308ms] [34;1m[rows:0][0m UPDATE "persons" SET "deleted_at"='2025-04-26 18:04:37.987' WHERE "persons"."id" = 13 AND "persons"."deleted_at" IS NULL

2025/04/26 18:05:08 [32m/home/delorency/go/pkg/mod/github.com/go-gormigrate/gormigrate/v2@v2.1.4/gormigrate.go:401
[0m[33m[2.473ms] [34;1m[rows:1][0m SELECT count(*) FROM information_schema.tables WHERE table_schema = CURRENT_SCHEMA() AND table_name = 'migrations' AND table_type = 'BASE TABLE'

2025/04/26 18:05:08 [32m/home/delorency/go/pkg/mod/github.com/go-gormigrate/gormigrate/v2@v2.1.4/gormigrate.go:412
[0m[33m[0.392ms] [34;1m[rows:1][0m SELECT count(*) FROM "migrations" WHERE id = '20240425_create_person_table'

2025/04/26 18:05:11 [31;1m/home/delorency/work/gofiolib/internal/db/personDb/delete.go:8 [35;1minvalid value, should be pointer to struct or slice
[0m[33m[0.534ms] [34;1m[rows:0][0m UPDATE "persons" SET "deleted_at"='2025-04-26 18:05:11.036' WHERE "persons"."id" = 13 AND "persons"."deleted_at" IS NULL

2025/04/26 18:07:37 [32m/home/delorency/go/pkg/mod/github.com/go-gormigrate/gormigrate/v2@v2.1.4/gormigrate.go:401
[0m[33m[3.288ms] [34;1m[rows:1][0m SELECT count(*) FROM information_schema.tables WHERE table_schema = CURRENT_SCHEMA() AND table_name = 'migrations' AND table_type = 'BASE TABLE'

2025/04/26 18:07:37 [32m/home/delorency/go/pkg/mod/github.com/go-gormigrate/gormigrate/v2@v2.1.4/gormigrate.go:412
[0m[33m[0.550ms] [34;1m[rows:1][0m SELECT count(*) FROM "migrations" WHERE id = '20240425_create_person_table'

2025/04/26 18:07:41 [31;1m/home/delorency/work/gofiolib/internal/db/personDb/delete.go:8 [35;1minvalid value, should be pointer to struct or slice
[0m[33m[0.356ms] [34;1m[rows:0][0m UPDATE "persons" SET "deleted_at"='2025-04-26 18:07:41.225' WHERE "persons"."id" = 13 AND "persons"."deleted_at" IS NULL

2025/04/26 18:08:28 [32m/home/delorency/go/pkg/mod/github.com/go-gormigrate/gormigrate/v2@v2.1.4/gormigrate.go:401
[0m[33m[2.499ms] [34;1m[rows:1][0m SELECT count(*) FROM information_schema.tables WHERE table_schema = CURRENT_SCHEMA() AND table_name = 'migrations' AND table_type = 'BASE TABLE'

2025/04/26 18:08:28 [32m/home/delorency/go/pkg/mod/github.com/go-gormigrate/gormigrate/v2@v2.1.4/gormigrate.go:412
[0m[33m[0.384ms] [34;1m[rows:1][0m SELECT count(*) FROM "migrations" WHERE id = '20240425_create_person_table'

2025/04/26 18:08:31 [32m/home/delorency/work/gofiolib/internal/db/personDb/delete.go:11
[0m[33m[3.589ms] [34;1m[rows:1][0m UPDATE "persons" SET "deleted_at"='2025-04-26 18:08:31.196' WHERE "persons"."id" = 13 AND "persons"."deleted_at" IS NULL

2025/04/26 18:09:02 [32m/home/delorency/go/pkg/mod/github.com/go-gormigrate/gormigrate/v2@v2.1.4/gormigrate.go:401
[0m[33m[2.488ms] [34;1m[rows:1][0m SELECT count(*) FROM information_schema.tables WHERE table_schema = CURRENT_SCHEMA() AND table_name = 'migrations' AND table_type = 'BASE TABLE'

2025/04/26 18:09:02 [32m/home/delorency/go/pkg/mod/github.com/go-gormigrate/gormigrate/v2@v2.1.4/gormigrate.go:412
[0m[33m[0.450ms] [34;1m[rows:1][0m SELECT count(*) FROM "migrations" WHERE id = '20240425_create_person_table'

2025/04/26 18:09:05 [32m/home/delorency/work/gofiolib/internal/db/personDb/delete.go:11
[0m[33m[1.036ms] [34;1m[rows:0][0m UPDATE "persons" SET "deleted_at"='2025-04-26 18:09:05.362' WHERE "persons"."id" = 132 AND "persons"."deleted_at" IS NULL

2025/04/26 18:09:10 [32m/home/delorency/work/gofiolib/internal/db/personDb/delete.go:11
[0m[33m[0.422ms] [34;1m[rows:0][0m UPDATE "persons" SET "deleted_at"='2025-04-26 18:09:10.231' WHERE "persons"."id" = 132 AND "persons"."deleted_at" IS NULL

2025/04/26 18:09:59 [32m/home/delorency/work/gofiolib/internal/db/personDb/update.go:12
[0m[33m[0.590ms] [34;1m[rows:0][0m UPDATE "persons" SET "updated_at"='2025-04-26 18:09:59.608',"name"='dmitriy2',"surname"='Popsov2',"patronymic"='Urivich2',"age"=23,"gender"='female',"nat"='KZ' WHERE "persons"."deleted_at" IS NULL AND "id" = 132

2025/04/26 18:09:59 [31;1m/home/delorency/work/gofiolib/internal/db/personDb/update.go:16 [35;1mrecord not found
[0m[33m[0.408ms] [34;1m[rows:0][0m SELECT * FROM "persons" WHERE "persons"."deleted_at" IS NULL AND "persons"."id" = 132 ORDER BY "persons"."id" LIMIT 1

2025/04/26 18:10:11 [32m/home/delorency/work/gofiolib/internal/db/personDb/update.go:12
[0m[33m[0.591ms] [34;1m[rows:0][0m UPDATE "persons" SET "updated_at"='2025-04-26 18:10:11.187',"name"='dmitriy2',"surname"='Popsov2',"patronymic"='Urivich2',"age"=23,"gender"='female',"nat"='KZ' WHERE "persons"."deleted_at" IS NULL AND "id" = 132

2025/04/26 18:10:11 [31;1m/home/delorency/work/gofiolib/internal/db/personDb/update.go:16 [35;1mrecord not found
[0m[33m[0.327ms] [34;1m[rows:0][0m SELECT * FROM "persons" WHERE "persons"."deleted_at" IS NULL AND "persons"."id" = 132 ORDER BY "persons"."id" LIMIT 1

2025/04/26 18:11:48 [32m/home/delorency/go/pkg/mod/github.com/go-gormigrate/gormigrate/v2@v2.1.4/gormigrate.go:401
[0m[33m[2.666ms] [34;1m[rows:1][0m SELECT count(*) FROM information_schema.tables WHERE table_schema = CURRENT_SCHEMA() AND table_name = 'migrations' AND table_type = 'BASE TABLE'

2025/04/26 18:11:48 [32m/home/delorency/go/pkg/mod/github.com/go-gormigrate/gormigrate/v2@v2.1.4/gormigrate.go:412
[0m[33m[0.512ms] [34;1m[rows:1][0m SELECT count(*) FROM "migrations" WHERE id = '20240425_create_person_table'

2025/04/26 18:11:53 [31;1m/home/delorency/work/gofiolib/internal/db/personDb/delete.go:12 [35;1mrecord not found
[0m[33m[0.873ms] [34;1m[rows:0][0m SELECT * FROM "persons" WHERE "persons"."deleted_at" IS NULL AND "persons"."id" = 132 ORDER BY "persons"."id" LIMIT 1

2025/04/26 18:11:58 [32m/home/delorency/work/gofiolib/internal/db/personDb/delete.go:12
[0m[33m[0.403ms] [34;1m[rows:1][0m SELECT * FROM "persons" WHERE "persons"."deleted_at" IS NULL AND "persons"."id" = 12 ORDER BY "persons"."id" LIMIT 1

2025/04/26 18:11:58 [32m/home/delorency/work/gofiolib/internal/db/personDb/delete.go:17
[0m[33m[2.840ms] [34;1m[rows:1][0m UPDATE "persons" SET "deleted_at"='2025-04-26 18:11:58.392' WHERE "persons"."id" = 12 AND "persons"."deleted_at" IS NULL

2025/04/26 18:12:05 [32m/home/delorency/work/gofiolib/internal/db/personDb/get.go:13
[0m[33m[0.614ms] [34;1m[rows:11][0m SELECT * FROM "persons" WHERE "persons"."deleted_at" IS NULL ORDER BY created_at desc 

2025/04/26 18:12:14 [32m/home/delorency/work/gofiolib/internal/db/personDb/delete.go:12
[0m[33m[0.427ms] [34;1m[rows:1][0m SELECT * FROM "persons" WHERE "persons"."deleted_at" IS NULL AND "persons"."id" = 11 ORDER BY "persons"."id" LIMIT 1

2025/04/26 18:12:14 [32m/home/delorency/work/gofiolib/internal/db/personDb/delete.go:17
[0m[33m[2.934ms] [34;1m[rows:1][0m UPDATE "persons" SET "deleted_at"='2025-04-26 18:12:14.39' WHERE "persons"."id" = 11 AND "persons"."deleted_at" IS NULL

2025/04/26 18:12:25 [32m/home/delorency/work/gofiolib/internal/db/personDb/get.go:13
[0m[33m[0.284ms] [34;1m[rows:10][0m SELECT * FROM "persons" WHERE "persons"."deleted_at" IS NULL ORDER BY created_at desc 

2025/04/26 18:12:52 [32m/home/delorency/go/pkg/mod/github.com/go-gormigrate/gormigrate/v2@v2.1.4/gormigrate.go:401
[0m[33m[2.559ms] [34;1m[rows:1][0m SELECT count(*) FROM information_schema.tables WHERE table_schema = CURRENT_SCHEMA() AND table_name = 'migrations' AND table_type = 'BASE TABLE'

2025/04/26 18:12:52 [32m/home/delorency/go/pkg/mod/github.com/go-gormigrate/gormigrate/v2@v2.1.4/gormigrate.go:412
[0m[33m[0.426ms] [34;1m[rows:1][0m SELECT count(*) FROM "migrations" WHERE id = '20240425_create_person_table'

2025/04/26 18:13:01 [32m/home/delorency/work/gofiolib/internal/db/personDb/delete.go:12
[0m[33m[0.865ms] [34;1m[rows:1][0m SELECT * FROM "persons" WHERE "persons"."deleted_at" IS NULL AND "persons"."id" = 10 ORDER BY "persons"."id" LIMIT 1

2025/04/26 18:13:01 [32m/home/delorency/work/gofiolib/internal/db/personDb/delete.go:17
[0m[33m[3.040ms] [34;1m[rows:1][0m UPDATE "persons" SET "deleted_at"='2025-04-26 18:13:01.846' WHERE "persons"."id" = 10 AND "persons"."deleted_at" IS NULL
